d:\facultate\poo giooooooc\game\game\debug\vc141.pdb
d:\facultate\poo giooooooc\game\game\debug\vc141.idb
d:\facultate\poo giooooooc\game\game\debug\main.obj
d:\facultate\poo giooooooc\game\game\debug\game.obj
d:\facultate\poo giooooooc\game\game\debug\texturemanager.obj
d:\facultate\poo giooooooc\game\game\debug\gameobject.obj
d:\facultate\poo giooooooc\game\game\debug\map.obj
d:\facultate\poo giooooooc\game\game\debug\player.obj
d:\facultate\poo giooooooc\game\game\debug\tile.obj
d:\facultate\poo giooooooc\game\game\debug\collision.obj
d:\facultate\poo giooooooc\game\game\debug\bomb.obj
d:\facultate\poo giooooooc\game\debug\game.ilk
d:\facultate\poo giooooooc\game\debug\game.exe
d:\facultate\poo giooooooc\game\debug\game.pdb
d:\facultate\poo giooooooc\game\game\debug\game.ilk
d:\facultate\poo giooooooc\game\game\debug\game.pdb
d:\facultate\poo giooooooc\game\game\debug\game.tlog\cl.command.1.tlog
d:\facultate\poo giooooooc\game\game\debug\game.tlog\cl.read.1.tlog
d:\facultate\poo giooooooc\game\game\debug\game.tlog\cl.write.1.tlog
d:\facultate\poo giooooooc\game\game\debug\game.tlog\link.command.1.tlog
d:\facultate\poo giooooooc\game\game\debug\game.tlog\link.read.1.tlog
d:\facultate\poo giooooooc\game\game\debug\game.tlog\link.write.1.tlog
